<?xml version="1.0" encoding="UTF-8"?>
<!-- Generated by org.testng.reporters.JUnitReportReporter -->
<testsuite hostname="LAPTOP-8VMGLI38" failures="0" tests="10" name="Comp.Assesment.TestData" time="103.031" errors="0" timestamp="2021-11-25T22:00:05 IST" skipped="0">
  <testcase classname="Comp.Assesment.TestData" name="createAccount" time="12.518"/>
  <system-out/>
  <testcase classname="Comp.Assesment.TestData" name="Hover" time="15.474"/>
  <system-out/>
  <testcase classname="Comp.Assesment.TestData" name="WishList" time="10.377"/>
  <system-out/>
  <testcase classname="Comp.Assesment.TestData" name="addGift" time="7.864"/>
  <system-out/>
  <testcase classname="Comp.Assesment.TestData" name="search" time="11.282"/>
  <system-out/>
  <testcase classname="Comp.Assesment.TestData" name="contact" time="10.524"/>
  <system-out/>
  <testcase classname="Comp.Assesment.TestData" name="checkNavigation" time="5.583"/>
  <system-out/>
  <testcase classname="Comp.Assesment.TestData" name="validateTitle" time="5.868"/>
  <system-out/>
  <testcase classname="Comp.Assesment.TestData" name="sortBy" time="12.936"/>
  <system-out/>
  <testcase classname="Comp.Assesment.TestData" name="basepageNavigation" time="10.605"/>
  <system-out/>
</testsuite> <!-- Comp.Assesment.TestData -->
